{"/home/fabiano/projetos/erick_wendel/semanajsexpert3/Design Patterns Fluent Interface e Builder/src/fluentSQL.js": {"path":"/home/fabiano/projetos/erick_wendel/semanajsexpert3/Design Patterns Fluent Interface e Builder/src/fluentSQL.js","all":false,"statementMap":{"0":{"start":{"line":1,"column":0},"end":{"line":1,"column":31}},"1":{"start":{"line":2,"column":0},"end":{"line":2,"column":16}},"2":{"start":{"line":3,"column":0},"end":{"line":3,"column":13}},"3":{"start":{"line":4,"column":0},"end":{"line":4,"column":15}},"4":{"start":{"line":5,"column":0},"end":{"line":5,"column":14}},"5":{"start":{"line":6,"column":0},"end":{"line":6,"column":16}},"6":{"start":{"line":7,"column":0},"end":{"line":7,"column":0}},"7":{"start":{"line":8,"column":0},"end":{"line":8,"column":29}},"8":{"start":{"line":9,"column":0},"end":{"line":9,"column":30}},"9":{"start":{"line":10,"column":0},"end":{"line":10,"column":3}},"10":{"start":{"line":11,"column":0},"end":{"line":11,"column":0}},"11":{"start":{"line":12,"column":0},"end":{"line":12,"column":24}},"12":{"start":{"line":13,"column":0},"end":{"line":13,"column":46}},"13":{"start":{"line":14,"column":0},"end":{"line":14,"column":3}},"14":{"start":{"line":15,"column":0},"end":{"line":15,"column":0}},"15":{"start":{"line":16,"column":0},"end":{"line":16,"column":14}},"16":{"start":{"line":17,"column":0},"end":{"line":17,"column":22}},"17":{"start":{"line":18,"column":0},"end":{"line":18,"column":16}},"18":{"start":{"line":19,"column":0},"end":{"line":19,"column":3}},"19":{"start":{"line":20,"column":0},"end":{"line":20,"column":0}},"20":{"start":{"line":21,"column":0},"end":{"line":21,"column":20}},"21":{"start":{"line":22,"column":0},"end":{"line":22,"column":25}},"22":{"start":{"line":23,"column":0},"end":{"line":23,"column":16}},"23":{"start":{"line":24,"column":0},"end":{"line":24,"column":3}},"24":{"start":{"line":25,"column":0},"end":{"line":25,"column":0}},"25":{"start":{"line":26,"column":0},"end":{"line":26,"column":15}},"26":{"start":{"line":27,"column":0},"end":{"line":27,"column":58}},"27":{"start":{"line":28,"column":0},"end":{"line":28,"column":57}},"28":{"start":{"line":29,"column":0},"end":{"line":29,"column":21}},"29":{"start":{"line":30,"column":0},"end":{"line":30,"column":32}},"30":{"start":{"line":31,"column":0},"end":{"line":31,"column":0}},"31":{"start":{"line":32,"column":0},"end":{"line":32,"column":50}},"32":{"start":{"line":33,"column":0},"end":{"line":33,"column":16}},"33":{"start":{"line":34,"column":0},"end":{"line":34,"column":3}},"34":{"start":{"line":35,"column":0},"end":{"line":35,"column":0}},"35":{"start":{"line":36,"column":0},"end":{"line":36,"column":18}},"36":{"start":{"line":37,"column":0},"end":{"line":37,"column":26}},"37":{"start":{"line":38,"column":0},"end":{"line":38,"column":16}},"38":{"start":{"line":39,"column":0},"end":{"line":39,"column":3}},"39":{"start":{"line":40,"column":0},"end":{"line":40,"column":0}},"40":{"start":{"line":41,"column":0},"end":{"line":41,"column":25}},"41":{"start":{"line":42,"column":0},"end":{"line":42,"column":56}},"42":{"start":{"line":43,"column":0},"end":{"line":43,"column":3}},"43":{"start":{"line":44,"column":0},"end":{"line":44,"column":1}},"44":{"start":{"line":45,"column":0},"end":{"line":45,"column":23}},"45":{"start":{"line":46,"column":0},"end":{"line":46,"column":46}},"46":{"start":{"line":47,"column":0},"end":{"line":47,"column":48}},"47":{"start":{"line":48,"column":0},"end":{"line":48,"column":5}},"48":{"start":{"line":49,"column":0},"end":{"line":49,"column":0}},"49":{"start":{"line":50,"column":0},"end":{"line":50,"column":16}},"50":{"start":{"line":51,"column":0},"end":{"line":51,"column":4}},"51":{"start":{"line":52,"column":0},"end":{"line":52,"column":2}},"52":{"start":{"line":53,"column":0},"end":{"line":53,"column":24}},"53":{"start":{"line":54,"column":0},"end":{"line":54,"column":27}},"54":{"start":{"line":55,"column":0},"end":{"line":55,"column":41}},"55":{"start":{"line":56,"column":0},"end":{"line":56,"column":0}},"56":{"start":{"line":57,"column":0},"end":{"line":57,"column":40}},"57":{"start":{"line":58,"column":0},"end":{"line":58,"column":70}},"58":{"start":{"line":59,"column":0},"end":{"line":59,"column":31}},"59":{"start":{"line":60,"column":0},"end":{"line":60,"column":5}},"60":{"start":{"line":61,"column":0},"end":{"line":61,"column":0}},"61":{"start":{"line":62,"column":0},"end":{"line":62,"column":23}},"62":{"start":{"line":63,"column":0},"end":{"line":63,"column":3}},"63":{"start":{"line":64,"column":0},"end":{"line":64,"column":0}},"64":{"start":{"line":65,"column":0},"end":{"line":65,"column":28}},"65":{"start":{"line":66,"column":0},"end":{"line":66,"column":45}},"66":{"start":{"line":67,"column":0},"end":{"line":67,"column":0}},"67":{"start":{"line":68,"column":0},"end":{"line":68,"column":41}},"68":{"start":{"line":69,"column":0},"end":{"line":69,"column":32}},"69":{"start":{"line":70,"column":0},"end":{"line":70,"column":20}},"70":{"start":{"line":71,"column":0},"end":{"line":71,"column":54}},"71":{"start":{"line":72,"column":0},"end":{"line":72,"column":7}},"72":{"start":{"line":73,"column":0},"end":{"line":73,"column":3}},"73":{"start":{"line":74,"column":0},"end":{"line":74,"column":0}},"74":{"start":{"line":75,"column":0},"end":{"line":75,"column":11}},"75":{"start":{"line":76,"column":0},"end":{"line":76,"column":23}},"76":{"start":{"line":77,"column":0},"end":{"line":77,"column":0}},"77":{"start":{"line":78,"column":0},"end":{"line":78,"column":39}},"78":{"start":{"line":79,"column":0},"end":{"line":79,"column":45}},"79":{"start":{"line":80,"column":0},"end":{"line":80,"column":51}},"80":{"start":{"line":81,"column":0},"end":{"line":81,"column":32}},"81":{"start":{"line":82,"column":0},"end":{"line":82,"column":44}},"82":{"start":{"line":83,"column":0},"end":{"line":83,"column":5}},"83":{"start":{"line":84,"column":0},"end":{"line":84,"column":54}},"84":{"start":{"line":85,"column":0},"end":{"line":85,"column":23}},"85":{"start":{"line":86,"column":0},"end":{"line":86,"column":3}},"86":{"start":{"line":87,"column":0},"end":{"line":87,"column":1}}},"s":{"0":1,"1":8,"2":8,"3":8,"4":1,"5":1,"6":7,"7":7,"8":7,"9":7,"10":1,"11":1,"12":1,"13":2,"14":2,"15":2,"16":2,"17":1,"18":3,"19":3,"20":3,"21":3,"22":3,"23":3,"24":3,"25":3,"26":3,"27":3,"28":3,"29":3,"30":3,"31":1,"32":1,"33":13,"34":13,"35":13,"36":13,"37":1,"38":13,"39":1,"40":1,"41":16,"42":16,"43":16,"44":16,"45":1,"46":13,"47":13,"48":13,"49":13,"50":13,"51":13,"52":13,"53":13,"54":39,"55":12,"56":39,"57":1,"58":6,"59":6,"60":6,"61":6,"62":2,"63":2,"64":2,"65":3,"66":3,"67":3,"68":1,"69":6,"70":6,"71":6,"72":16,"73":16,"74":16,"75":16,"76":13,"77":13,"78":13,"79":16,"80":6,"81":6,"82":6,"83":1,"84":1,"85":1,"86":1},"branchMap":{"0":{"type":"branch","line":1,"loc":{"start":{"line":1,"column":0},"end":{"line":1,"column":30}},"locations":[{"start":{"line":1,"column":0},"end":{"line":1,"column":30}}]},"1":{"type":"branch","line":1,"loc":{"start":{"line":1,"column":13},"end":{"line":5,"column":3}},"locations":[{"start":{"line":1,"column":13},"end":{"line":5,"column":3}}]},"2":{"type":"branch","line":6,"loc":{"start":{"line":6,"column":2},"end":{"line":10,"column":3}},"locations":[{"start":{"line":6,"column":2},"end":{"line":10,"column":3}}]},"3":{"type":"branch","line":12,"loc":{"start":{"line":12,"column":12},"end":{"line":13,"column":32}},"locations":[{"start":{"line":12,"column":12},"end":{"line":13,"column":32}}]},"4":{"type":"branch","line":13,"loc":{"start":{"line":13,"column":34},"end":{"line":18,"column":11}},"locations":[{"start":{"line":13,"column":34},"end":{"line":18,"column":11}}]},"5":{"type":"branch","line":18,"loc":{"start":{"line":18,"column":4},"end":{"line":32,"column":9}},"locations":[{"start":{"line":18,"column":4},"end":{"line":32,"column":9}}]},"6":{"type":"branch","line":27,"loc":{"start":{"line":27,"column":18},"end":{"line":27,"column":42}},"locations":[{"start":{"line":27,"column":18},"end":{"line":27,"column":42}}]},"7":{"type":"branch","line":27,"loc":{"start":{"line":27,"column":42},"end":{"line":28,"column":10}},"locations":[{"start":{"line":27,"column":42},"end":{"line":28,"column":10}}]},"8":{"type":"branch","line":32,"loc":{"start":{"line":32,"column":4},"end":{"line":32,"column":9}},"locations":[{"start":{"line":32,"column":4},"end":{"line":32,"column":9}}]},"9":{"type":"branch","line":33,"loc":{"start":{"line":33,"column":4},"end":{"line":39,"column":3}},"locations":[{"start":{"line":33,"column":4},"end":{"line":39,"column":3}}]},"10":{"type":"branch","line":37,"loc":{"start":{"line":37,"column":9},"end":{"line":38,"column":16}},"locations":[{"start":{"line":37,"column":9},"end":{"line":38,"column":16}}]},"11":{"type":"branch","line":41,"loc":{"start":{"line":41,"column":2},"end":{"line":46,"column":37}},"locations":[{"start":{"line":41,"column":2},"end":{"line":46,"column":37}}]},"12":{"type":"branch","line":46,"loc":{"start":{"line":46,"column":8},"end":{"line":46,"column":23}},"locations":[{"start":{"line":46,"column":8},"end":{"line":46,"column":23}}]},"13":{"type":"branch","line":46,"loc":{"start":{"line":46,"column":23},"end":{"line":46,"column":37}},"locations":[{"start":{"line":46,"column":23},"end":{"line":46,"column":37}}]},"14":{"type":"branch","line":46,"loc":{"start":{"line":46,"column":38},"end":{"line":58,"column":55}},"locations":[{"start":{"line":46,"column":38},"end":{"line":58,"column":55}}]},"15":{"type":"branch","line":54,"loc":{"start":{"line":54,"column":21},"end":{"line":58,"column":22}},"locations":[{"start":{"line":54,"column":21},"end":{"line":58,"column":22}}]},"16":{"type":"branch","line":55,"loc":{"start":{"line":55,"column":26},"end":{"line":57,"column":14}},"locations":[{"start":{"line":55,"column":26},"end":{"line":57,"column":14}}]},"17":{"type":"branch","line":57,"loc":{"start":{"line":57,"column":14},"end":{"line":57,"column":30}},"locations":[{"start":{"line":57,"column":14},"end":{"line":57,"column":30}}]},"18":{"type":"branch","line":57,"loc":{"start":{"line":57,"column":20},"end":{"line":58,"column":22}},"locations":[{"start":{"line":57,"column":20},"end":{"line":58,"column":22}}]},"19":{"type":"branch","line":58,"loc":{"start":{"line":58,"column":46},"end":{"line":69,"column":13}},"locations":[{"start":{"line":58,"column":46},"end":{"line":69,"column":13}}]},"20":{"type":"branch","line":62,"loc":{"start":{"line":62,"column":4},"end":{"line":62,"column":23}},"locations":[{"start":{"line":62,"column":4},"end":{"line":62,"column":23}}]},"21":{"type":"branch","line":62,"loc":{"start":{"line":62,"column":11},"end":{"line":69,"column":13}},"locations":[{"start":{"line":62,"column":11},"end":{"line":69,"column":13}}]},"22":{"type":"branch","line":65,"loc":{"start":{"line":65,"column":3},"end":{"line":69,"column":13}},"locations":[{"start":{"line":65,"column":3},"end":{"line":69,"column":13}}]},"23":{"type":"branch","line":69,"loc":{"start":{"line":69,"column":17},"end":{"line":83,"column":5}},"locations":[{"start":{"line":69,"column":17},"end":{"line":83,"column":5}}]},"24":{"type":"branch","line":72,"loc":{"start":{"line":72,"column":5},"end":{"line":80,"column":51}},"locations":[{"start":{"line":72,"column":5},"end":{"line":80,"column":51}}]},"25":{"type":"branch","line":76,"loc":{"start":{"line":76,"column":4},"end":{"line":80,"column":46}},"locations":[{"start":{"line":76,"column":4},"end":{"line":80,"column":46}}]},"26":{"type":"branch","line":80,"loc":{"start":{"line":80,"column":32},"end":{"line":80,"column":46}},"locations":[{"start":{"line":80,"column":32},"end":{"line":80,"column":46}}]}},"b":{"0":[8],"1":[8],"2":[7],"3":[1],"4":[2],"5":[3],"6":[2],"7":[1],"8":[2],"9":[13],"10":[1],"11":[16],"12":[3],"13":[13],"14":[13],"15":[39],"16":[12],"17":[4],"18":[35],"19":[6],"20":[4],"21":[2],"22":[3],"23":[6],"24":[16],"25":[13],"26":[1]},"fnMap":{"0":{"name":"<instance_members_initializer>","decl":{"start":{"line":1,"column":0},"end":{"line":1,"column":30}},"loc":{"start":{"line":1,"column":0},"end":{"line":1,"column":30}},"line":1},"1":{"name":"FluentSQLBuilder","decl":{"start":{"line":1,"column":13},"end":{"line":5,"column":3}},"loc":{"start":{"line":1,"column":13},"end":{"line":5,"column":3}},"line":1},"2":{"name":"for","decl":{"start":{"line":6,"column":2},"end":{"line":10,"column":3}},"loc":{"start":{"line":6,"column":2},"end":{"line":10,"column":3}},"line":6},"3":{"name":"limit","decl":{"start":{"line":12,"column":12},"end":{"line":13,"column":32}},"loc":{"start":{"line":12,"column":12},"end":{"line":13,"column":32}},"line":12},"4":{"name":"select","decl":{"start":{"line":13,"column":34},"end":{"line":18,"column":11}},"loc":{"start":{"line":13,"column":34},"end":{"line":18,"column":11}},"line":13},"5":{"name":"where","decl":{"start":{"line":18,"column":4},"end":{"line":32,"column":9}},"loc":{"start":{"line":18,"column":4},"end":{"line":32,"column":9}},"line":18},"6":{"name":"orderBy","decl":{"start":{"line":32,"column":4},"end":{"line":32,"column":9}},"loc":{"start":{"line":32,"column":4},"end":{"line":32,"column":9}},"line":32},"7":{"name":"#performLimit","decl":{"start":{"line":33,"column":4},"end":{"line":39,"column":3}},"loc":{"start":{"line":33,"column":4},"end":{"line":39,"column":3}},"line":33},"8":{"name":"#performWhere","decl":{"start":{"line":41,"column":2},"end":{"line":46,"column":37}},"loc":{"start":{"line":41,"column":2},"end":{"line":46,"column":37}},"line":41},"9":{"name":"#performSelect","decl":{"start":{"line":46,"column":38},"end":{"line":58,"column":55}},"loc":{"start":{"line":46,"column":38},"end":{"line":58,"column":55}},"line":46},"10":{"name":"#performOrderBy","decl":{"start":{"line":58,"column":46},"end":{"line":69,"column":13}},"loc":{"start":{"line":58,"column":46},"end":{"line":69,"column":13}},"line":58},"11":{"name":"build","decl":{"start":{"line":69,"column":17},"end":{"line":83,"column":5}},"loc":{"start":{"line":69,"column":17},"end":{"line":83,"column":5}},"line":69}},"f":{"0":8,"1":8,"2":7,"3":1,"4":2,"5":3,"6":2,"7":13,"8":16,"9":13,"10":6,"11":6}}
}
