TN:
SF:src/fluentSQL.js
FN:1,<instance_members_initializer>
FN:1,FluentSQLBuilder
FN:6,for
FN:12,limit
FN:13,select
FN:18,where
FN:32,orderBy
FN:33,#performLimit
FN:41,#performWhere
FN:46,#performSelect
FN:58,#performOrderBy
FN:69,build
FNF:12
FNH:12
FNDA:8,<instance_members_initializer>
FNDA:8,FluentSQLBuilder
FNDA:7,for
FNDA:1,limit
FNDA:2,select
FNDA:3,where
FNDA:2,orderBy
FNDA:13,#performLimit
FNDA:16,#performWhere
FNDA:13,#performSelect
FNDA:6,#performOrderBy
FNDA:6,build
DA:1,1
DA:2,8
DA:3,8
DA:4,8
DA:5,1
DA:6,1
DA:7,7
DA:8,7
DA:9,7
DA:10,7
DA:11,1
DA:12,1
DA:13,1
DA:14,2
DA:15,2
DA:16,2
DA:17,2
DA:18,1
DA:19,3
DA:20,3
DA:21,3
DA:22,3
DA:23,3
DA:24,3
DA:25,3
DA:26,3
DA:27,3
DA:28,3
DA:29,3
DA:30,3
DA:31,3
DA:32,1
DA:33,1
DA:34,13
DA:35,13
DA:36,13
DA:37,13
DA:38,1
DA:39,13
DA:40,1
DA:41,1
DA:42,16
DA:43,16
DA:44,16
DA:45,16
DA:46,1
DA:47,13
DA:48,13
DA:49,13
DA:50,13
DA:51,13
DA:52,13
DA:53,13
DA:54,13
DA:55,39
DA:56,12
DA:57,39
DA:58,1
DA:59,6
DA:60,6
DA:61,6
DA:62,6
DA:63,2
DA:64,2
DA:65,2
DA:66,3
DA:67,3
DA:68,3
DA:69,1
DA:70,6
DA:71,6
DA:72,6
DA:73,16
DA:74,16
DA:75,16
DA:76,16
DA:77,13
DA:78,13
DA:79,13
DA:80,16
DA:81,6
DA:82,6
DA:83,6
DA:84,1
DA:85,1
DA:86,1
DA:87,1
LF:87
LH:87
BRDA:1,0,0,8
BRDA:1,1,0,8
BRDA:6,2,0,7
BRDA:12,3,0,1
BRDA:13,4,0,2
BRDA:18,5,0,3
BRDA:27,6,0,2
BRDA:27,7,0,1
BRDA:32,8,0,2
BRDA:33,9,0,13
BRDA:37,10,0,1
BRDA:41,11,0,16
BRDA:46,12,0,3
BRDA:46,13,0,13
BRDA:46,14,0,13
BRDA:54,15,0,39
BRDA:55,16,0,12
BRDA:57,17,0,4
BRDA:57,18,0,35
BRDA:58,19,0,6
BRDA:62,20,0,4
BRDA:62,21,0,2
BRDA:65,22,0,3
BRDA:69,23,0,6
BRDA:72,24,0,16
BRDA:76,25,0,13
BRDA:80,26,0,1
BRF:27
BRH:27
end_of_record
